0 info it worked if it ends with ok
1 verbose cli [ '/usr/bin/nodejs', '/usr/bin/npm', 'run', 'dev' ]
2 info using npm@3.10.10
3 info using node@v6.11.1
4 verbose run-script [ 'predev', 'dev', 'postdev' ]
5 info lifecycle ef-template@1.0.0~predev: ef-template@1.0.0
6 silly lifecycle ef-template@1.0.0~predev: no script for predev, continuing
7 info lifecycle ef-template@1.0.0~dev: ef-template@1.0.0
8 verbose lifecycle ef-template@1.0.0~dev: unsafe-perm in lifecycle true
9 verbose lifecycle ef-template@1.0.0~dev: PATH: /usr/lib/node_modules/npm/bin/node-gyp-bin:/home/vagrant/share/ef-template/node_modules/.bin:/home/vagrant/.composer/vendor/bin:/home/vagrant/bin:/home/vagrant/.local/bin:/usr/local/sbin:/usr/local/bin:/usr/sbin:/usr/bin:/sbin:/bin:/usr/games:/usr/local/games:/snap/bin
10 verbose lifecycle ef-template@1.0.0~dev: CWD: /home/vagrant/share/ef-template
11 silly lifecycle ef-template@1.0.0~dev: Args: [ '-c', 'gulp' ]
12 silly lifecycle ef-template@1.0.0~dev: Returned: code: 1  signal: null
13 info lifecycle ef-template@1.0.0~dev: Failed to exec dev script
14 verbose stack Error: ef-template@1.0.0 dev: `gulp`
14 verbose stack Exit status 1
14 verbose stack     at EventEmitter.<anonymous> (/usr/lib/node_modules/npm/lib/utils/lifecycle.js:255:16)
14 verbose stack     at emitTwo (events.js:106:13)
14 verbose stack     at EventEmitter.emit (events.js:191:7)
14 verbose stack     at ChildProcess.<anonymous> (/usr/lib/node_modules/npm/lib/utils/spawn.js:40:14)
14 verbose stack     at emitTwo (events.js:106:13)
14 verbose stack     at ChildProcess.emit (events.js:191:7)
14 verbose stack     at maybeClose (internal/child_process.js:891:16)
14 verbose stack     at Process.ChildProcess._handle.onexit (internal/child_process.js:226:5)
15 verbose pkgid ef-template@1.0.0
16 verbose cwd /home/vagrant/share/ef-template
17 error Linux 4.4.0-81-generic
18 error argv "/usr/bin/nodejs" "/usr/bin/npm" "run" "dev"
19 error node v6.11.1
20 error npm  v3.10.10
21 error code ELIFECYCLE
22 error ef-template@1.0.0 dev: `gulp`
22 error Exit status 1
23 error Failed at the ef-template@1.0.0 dev script 'gulp'.
23 error Make sure you have the latest version of node.js and npm installed.
23 error If you do, this is most likely a problem with the ef-template package,
23 error not with npm itself.
23 error Tell the author that this fails on your system:
23 error     gulp
23 error You can get information on how to open an issue for this project with:
23 error     npm bugs ef-template
23 error Or if that isn't available, you can get their info via:
23 error     npm owner ls ef-template
23 error There is likely additional logging output above.
24 verbose exit [ 1, true ]
